<?xml version="1.0" encoding="UTF-8"?>
<testng-results skipped="0" failed="0" ignored="0" total="1" passed="1">
  <reporter-output>
  </reporter-output>
  <suite name="Default suite" duration-ms="4878" started-at="2021-01-26T22:32:23 IST" finished-at="2021-01-26T22:32:28 IST">
    <groups>
    </groups>
    <test name="Default test" duration-ms="4878" started-at="2021-01-26T22:32:23 IST" finished-at="2021-01-26T22:32:28 IST">
      <class name="com.qa.test.Login.LoginTest">
        <test-method status="PASS" signature="doTestLogin()[pri:0, instance:com.qa.test.Login.LoginTest@4e7dc304]" name="doTestLogin" duration-ms="4827" started-at="2021-01-26T22:32:23 IST" finished-at="2021-01-26T22:32:28 IST">
          <reporter-output>
          </reporter-output>
        </test-method> <!-- doTestLogin -->
      </class> <!-- com.qa.test.Login.LoginTest -->
    </test> <!-- Default test -->
  </suite> <!-- Default suite -->
</testng-results>
